This file contains any messages produced by compilers while
running configure, to aid debugging if configure makes a mistake.

It was created by configure, which was
generated by GNU Autoconf 2.68.  Invocation command line was

  $ ./configure --with-php-config=/usr/bin/php-config

## --------- ##
## Platform. ##
## --------- ##

hostname = flybird
uname -m = x86_64
uname -r = 3.8.0-44-generic
uname -s = Linux
uname -v = #66~precise1-Ubuntu SMP Tue Jul 15 04:01:04 UTC 2014

/usr/bin/uname -p = unknown
/bin/uname -X     = unknown

/bin/arch              = unknown
/usr/bin/arch -k       = unknown
/usr/convex/getsysinfo = unknown
/usr/bin/hostinfo      = unknown
/bin/machine           = unknown
/usr/bin/oslevel       = unknown
/bin/universe          = unknown

PATH: /root/bin
PATH: /usr/local/bin
PATH: /usr/local/sbin
PATH: /usr/local/bin
PATH: /usr/sbin
PATH: /usr/bin
PATH: /sbin
PATH: /bin
PATH: /usr/games


## ----------- ##
## Core tests. ##
## ----------- ##

configure:2059: checking for grep that handles long lines and -e
configure:2117: result: /bin/grep
configure:2122: checking for egrep
configure:2184: result: /bin/grep -E
configure:2189: checking for a sed that does not truncate output
configure:2253: result: /bin/sed
configure:2387: checking for cc
configure:2403: found /usr/bin/cc
configure:2414: result: cc
configure:2445: checking for C compiler version
configure:2454: cc --version >&5
cc (Ubuntu/Linaro 4.6.3-1ubuntu5) 4.6.3
Copyright (C) 2011 Free Software Foundation, Inc.
This is free software; see the source for copying conditions.  There is NO
warranty; not even for MERCHANTABILITY or FITNESS FOR A PARTICULAR PURPOSE.

configure:2465: $? = 0
configure:2454: cc -v >&5
Using built-in specs.
COLLECT_GCC=cc
COLLECT_LTO_WRAPPER=/usr/lib/gcc/x86_64-linux-gnu/4.6/lto-wrapper
Target: x86_64-linux-gnu
Configured with: ../src/configure -v --with-pkgversion='Ubuntu/Linaro 4.6.3-1ubuntu5' --with-bugurl=file:///usr/share/doc/gcc-4.6/README.Bugs --enable-languages=c,c++,fortran,objc,obj-c++ --prefix=/usr --program-suffix=-4.6 --enable-shared --enable-linker-build-id --with-system-zlib --libexecdir=/usr/lib --without-included-gettext --enable-threads=posix --with-gxx-include-dir=/usr/include/c++/4.6 --libdir=/usr/lib --enable-nls --with-sysroot=/ --enable-clocale=gnu --enable-libstdcxx-debug --enable-libstdcxx-time=yes --enable-gnu-unique-object --enable-plugin --enable-objc-gc --disable-werror --with-arch-32=i686 --with-tune=generic --enable-checking=release --build=x86_64-linux-gnu --host=x86_64-linux-gnu --target=x86_64-linux-gnu
Thread model: posix
gcc version 4.6.3 (Ubuntu/Linaro 4.6.3-1ubuntu5) 
configure:2465: $? = 0
configure:2454: cc -V >&5
cc: error: unrecognized option '-V'
cc: fatal error: no input files
compilation terminated.
configure:2465: $? = 4
configure:2454: cc -qversion >&5
cc: error: unrecognized option '-qversion'
cc: fatal error: no input files
compilation terminated.
configure:2465: $? = 4
configure:2485: checking whether the C compiler works
configure:2507: cc    conftest.c  >&5
configure:2511: $? = 0
configure:2559: result: yes
configure:2562: checking for C compiler default output file name
configure:2564: result: a.out
configure:2570: checking for suffix of executables
configure:2577: cc -o conftest    conftest.c  >&5
configure:2581: $? = 0
configure:2603: result: 
configure:2625: checking whether we are cross compiling
configure:2633: cc -o conftest    conftest.c  >&5
configure:2637: $? = 0
configure:2644: ./conftest
configure:2648: $? = 0
configure:2663: result: no
configure:2668: checking for suffix of object files
configure:2690: cc -c   conftest.c >&5
configure:2694: $? = 0
configure:2715: result: o
configure:2719: checking whether we are using the GNU C compiler
configure:2738: cc -c   conftest.c >&5
configure:2738: $? = 0
configure:2747: result: yes
configure:2756: checking whether cc accepts -g
configure:2776: cc -c -g  conftest.c >&5
configure:2776: $? = 0
configure:2817: result: yes
configure:2834: checking for cc option to accept ISO C89
configure:2898: cc  -c -g -O2  conftest.c >&5
configure:2898: $? = 0
configure:2911: result: none needed
configure:2937: checking how to run the C preprocessor
configure:2968: cc -E  conftest.c
configure:2968: $? = 0
configure:2982: cc -E  conftest.c
conftest.c:9:28: fatal error: ac_nonexistent.h: No such file or directory
compilation terminated.
configure:2982: $? = 1
configure: failed program was:
| /* confdefs.h */
| #define PACKAGE_NAME ""
| #define PACKAGE_TARNAME ""
| #define PACKAGE_VERSION ""
| #define PACKAGE_STRING ""
| #define PACKAGE_BUGREPORT ""
| #define PACKAGE_URL ""
| /* end confdefs.h.  */
| #include <ac_nonexistent.h>
configure:3007: result: cc -E
configure:3027: cc -E  conftest.c
configure:3027: $? = 0
configure:3041: cc -E  conftest.c
conftest.c:9:28: fatal error: ac_nonexistent.h: No such file or directory
compilation terminated.
configure:3041: $? = 1
configure: failed program was:
| /* confdefs.h */
| #define PACKAGE_NAME ""
| #define PACKAGE_TARNAME ""
| #define PACKAGE_VERSION ""
| #define PACKAGE_STRING ""
| #define PACKAGE_BUGREPORT ""
| #define PACKAGE_URL ""
| /* end confdefs.h.  */
| #include <ac_nonexistent.h>
configure:3072: checking for icc
configure:3081: result: no
configure:3095: checking for suncc
configure:3104: result: no
configure:3122: checking whether cc understands -c and -o together
configure:3150: cc -c conftest.c -o conftest2.o >&5
configure:3154: $? = 0
configure:3160: cc -c conftest.c -o conftest2.o >&5
configure:3164: $? = 0
configure:3219: result: yes
configure:3233: checking for system library directory
configure:3248: result: lib
configure:3255: checking if compiler supports -R
configure:3274: cc -o conftest -g -O2   conftest.c -R /usr/lib  >&5
cc: error: unrecognized option '-R'
configure:3274: $? = 1
configure: failed program was:
| /* confdefs.h */
| #define PACKAGE_NAME ""
| #define PACKAGE_TARNAME ""
| #define PACKAGE_VERSION ""
| #define PACKAGE_STRING ""
| #define PACKAGE_BUGREPORT ""
| #define PACKAGE_URL ""
| /* end confdefs.h.  */
| 
| int
| main ()
| {
| 
|   ;
|   return 0;
| }
configure:3284: result: no
configure:3289: checking if compiler supports -Wl,-rpath,
configure:3308: cc -o conftest -g -O2   conftest.c -Wl,-rpath,/usr/lib  >&5
configure:3308: $? = 0
configure:3318: result: yes
configure:3363: checking build system type
configure:3377: result: x86_64-unknown-linux-gnu
configure:3397: checking host system type
configure:3410: result: x86_64-unknown-linux-gnu
configure:3430: checking target system type
configure:3443: result: x86_64-unknown-linux-gnu
configure:3546: checking for PHP prefix
configure:3548: result: /usr
configure:3550: checking for PHP includes
configure:3552: result: -I/usr/include/php5 -I/usr/include/php5/main -I/usr/include/php5/TSRM -I/usr/include/php5/Zend -I/usr/include/php5/ext -I/usr/include/php5/ext/date/lib
configure:3554: checking for PHP extension directory
configure:3556: result: /usr/lib/php5/20100525
configure:3558: checking for PHP installed headers prefix
configure:3560: result: /usr/include/php5
configure:3563: checking if debug is enabled
configure:3589: result: no
configure:3592: checking if zts is enabled
configure:3618: result: no
configure:3689: checking for re2c
configure:3719: result: no
configure:3744: WARNING: You will need re2c 0.13.4 or later if you want to regenerate PHP parsers.
configure:3758: checking for gawk
configure:3789: result: no
configure:3758: checking for nawk
configure:3775: found /usr/bin/nawk
configure:3786: result: nawk
configure:3809: checking if nawk is broken
configure:3816: result: no
configure:3829: checking whether to enable flight support
configure:3868: result: yes, shared
configure:4226: checking how to print strings
configure:4253: result: printf
configure:4274: checking for a sed that does not truncate output
configure:4338: result: /bin/sed
configure:4356: checking for fgrep
configure:4418: result: /bin/grep -F
configure:4453: checking for ld used by cc
configure:4520: result: /usr/bin/ld
configure:4527: checking if the linker (/usr/bin/ld) is GNU ld
configure:4542: result: yes
configure:4554: checking for BSD- or MS-compatible name lister (nm)
configure:4603: result: /usr/bin/nm -B
configure:4733: checking the name lister (/usr/bin/nm -B) interface
configure:4740: cc -c -g -O2  conftest.c >&5
configure:4743: /usr/bin/nm -B "conftest.o"
configure:4746: output
0000000000000000 B some_variable
configure:4753: result: BSD nm
configure:4756: checking whether ln -s works
configure:4760: result: yes
configure:4768: checking the maximum length of command line arguments
configure:4898: result: 1572864
configure:4915: checking whether the shell understands some XSI constructs
configure:4925: result: yes
configure:4929: checking whether the shell understands "+="
configure:4935: result: yes
configure:4970: checking how to convert x86_64-unknown-linux-gnu file names to x86_64-unknown-linux-gnu format
configure:5010: result: func_convert_file_noop
configure:5017: checking how to convert x86_64-unknown-linux-gnu file names to toolchain format
configure:5037: result: func_convert_file_noop
configure:5044: checking for /usr/bin/ld option to reload object files
configure:5051: result: -r
configure:5125: checking for objdump
configure:5141: found /usr/bin/objdump
configure:5152: result: objdump
configure:5184: checking how to recognize dependent libraries
configure:5386: result: pass_all
configure:5471: checking for dlltool
configure:5501: result: no
configure:5531: checking how to associate runtime and link libraries
configure:5558: result: printf %s\n
configure:5618: checking for ar
configure:5634: found /usr/bin/ar
configure:5645: result: ar
configure:5682: checking for archiver @FILE support
configure:5699: cc -c -g -O2  conftest.c >&5
configure:5699: $? = 0
configure:5702: ar cru libconftest.a @conftest.lst >&5
configure:5705: $? = 0
configure:5710: ar cru libconftest.a @conftest.lst >&5
ar: conftest.o: No such file or directory
configure:5713: $? = 1
configure:5725: result: @
configure:5783: checking for strip
configure:5799: found /usr/bin/strip
configure:5810: result: strip
configure:5882: checking for ranlib
configure:5898: found /usr/bin/ranlib
configure:5909: result: ranlib
configure:5986: checking for gawk
configure:6013: result: nawk
configure:6053: checking command to parse /usr/bin/nm -B output from cc object
configure:6173: cc -c -g -O2  conftest.c >&5
configure:6176: $? = 0
configure:6180: /usr/bin/nm -B conftest.o \| sed -n -e 's/^.*[ ]\([ABCDGIRSTW][ABCDGIRSTW]*\)[ ][ ]*\([_A-Za-z][_A-Za-z0-9]*\)$/\1 \2 \2/p' | sed '/ __gnu_lto/d' \> conftest.nm
configure:6183: $? = 0
configure:6249: cc -o conftest -g -O2   conftest.c conftstm.o >&5
configure:6252: $? = 0
configure:6290: result: ok
configure:6327: checking for sysroot
configure:6357: result: no
configure:6434: cc -c -g -O2  conftest.c >&5
configure:6437: $? = 0
configure:6613: checking for mt
configure:6629: found /bin/mt
configure:6640: result: mt
configure:6663: checking if mt is a manifest tool
configure:6669: mt '-?'
configure:6677: result: no
configure:7314: checking for ANSI C header files
configure:7334: cc -c -g -O2  conftest.c >&5
configure:7334: $? = 0
configure:7407: cc -o conftest -g -O2   conftest.c  >&5
configure:7407: $? = 0
configure:7407: ./conftest
configure:7407: $? = 0
configure:7418: result: yes
configure:7431: checking for sys/types.h
configure:7431: cc -c -g -O2  conftest.c >&5
configure:7431: $? = 0
configure:7431: result: yes
configure:7431: checking for sys/stat.h
configure:7431: cc -c -g -O2  conftest.c >&5
configure:7431: $? = 0
configure:7431: result: yes
configure:7431: checking for stdlib.h
configure:7431: cc -c -g -O2  conftest.c >&5
configure:7431: $? = 0
configure:7431: result: yes
configure:7431: checking for string.h
configure:7431: cc -c -g -O2  conftest.c >&5
configure:7431: $? = 0
configure:7431: result: yes
configure:7431: checking for memory.h
configure:7431: cc -c -g -O2  conftest.c >&5
configure:7431: $? = 0
configure:7431: result: yes
configure:7431: checking for strings.h
configure:7431: cc -c -g -O2  conftest.c >&5
configure:7431: $? = 0
configure:7431: result: yes
configure:7431: checking for inttypes.h
configure:7431: cc -c -g -O2  conftest.c >&5
configure:7431: $? = 0
configure:7431: result: yes
configure:7431: checking for stdint.h
configure:7431: cc -c -g -O2  conftest.c >&5
configure:7431: $? = 0
configure:7431: result: yes
configure:7431: checking for unistd.h
configure:7431: cc -c -g -O2  conftest.c >&5
configure:7431: $? = 0
configure:7431: result: yes
configure:7445: checking for dlfcn.h
configure:7445: cc -c -g -O2  conftest.c >&5
configure:7445: $? = 0
configure:7445: result: yes
configure:7651: checking for objdir
configure:7666: result: .libs
configure:7937: checking if cc supports -fno-rtti -fno-exceptions
configure:7955: cc -c -g -O2  -fno-rtti -fno-exceptions conftest.c >&5
cc1: warning: command line option '-fno-rtti' is valid for C++/ObjC++ but not for C [enabled by default]
configure:7959: $? = 0
configure:7972: result: no
configure:8299: checking for cc option to produce PIC
configure:8306: result: -fPIC -DPIC
configure:8314: checking if cc PIC flag -fPIC -DPIC works
configure:8332: cc -c -g -O2  -fPIC -DPIC -DPIC conftest.c >&5
configure:8336: $? = 0
configure:8349: result: yes
configure:8378: checking if cc static flag -static works
configure:8406: result: yes
configure:8421: checking if cc supports -c -o file.o
configure:8442: cc -c -g -O2  -o out/conftest2.o conftest.c >&5
configure:8446: $? = 0
configure:8468: result: yes
configure:8476: checking if cc supports -c -o file.o
configure:8523: result: yes
configure:8556: checking whether the cc linker (/usr/bin/ld -m elf_x86_64) supports shared libraries
configure:9713: result: yes
configure:9750: checking whether -lc should be explicitly linked in
configure:9758: cc -c -g -O2  conftest.c >&5
configure:9761: $? = 0
configure:9776: cc -shared  -fPIC -DPIC conftest.o  -v -Wl,-soname -Wl,conftest -o conftest 2\>\&1 \| /bin/grep  -lc  \>/dev/null 2\>\&1
configure:9779: $? = 0
configure:9793: result: no
configure:9953: checking dynamic linker characteristics
configure:10464: cc -o conftest -g -O2   -Wl,-rpath -Wl,/foo conftest.c  >&5
configure:10464: $? = 0
configure:10698: result: GNU/Linux ld.so
configure:10805: checking how to hardcode library paths into programs
configure:10830: result: immediate
configure:11370: checking whether stripping libraries is possible
configure:11375: result: yes
configure:11410: checking if libtool supports shared libraries
configure:11412: result: yes
configure:11415: checking whether to build shared libraries
configure:11436: result: yes
configure:11439: checking whether to build static libraries
configure:11443: result: no
configure:11719: creating ./config.status

## ---------------------- ##
## Running config.status. ##
## ---------------------- ##

This file was extended by config.status, which was
generated by GNU Autoconf 2.68.  Invocation command line was

  CONFIG_FILES    = 
  CONFIG_HEADERS  = 
  CONFIG_LINKS    = 
  CONFIG_COMMANDS = 
  $ ./config.status 

on flybird

config.status:898: creating config.h
config.status:988: config.h is unchanged
config.status:1002: executing libtool commands

## ---------------- ##
## Cache variables. ##
## ---------------- ##

ac_cv_build=x86_64-unknown-linux-gnu
ac_cv_c_compiler_gnu=yes
ac_cv_env_CC_set=
ac_cv_env_CC_value=
ac_cv_env_CFLAGS_set=
ac_cv_env_CFLAGS_value=
ac_cv_env_CPPFLAGS_set=
ac_cv_env_CPPFLAGS_value=
ac_cv_env_CPP_set=
ac_cv_env_CPP_value=
ac_cv_env_LDFLAGS_set=
ac_cv_env_LDFLAGS_value=
ac_cv_env_LIBS_set=
ac_cv_env_LIBS_value=
ac_cv_env_build_alias_set=
ac_cv_env_build_alias_value=
ac_cv_env_host_alias_set=
ac_cv_env_host_alias_value=
ac_cv_env_target_alias_set=
ac_cv_env_target_alias_value=
ac_cv_header_dlfcn_h=yes
ac_cv_header_inttypes_h=yes
ac_cv_header_memory_h=yes
ac_cv_header_stdc=yes
ac_cv_header_stdint_h=yes
ac_cv_header_stdlib_h=yes
ac_cv_header_string_h=yes
ac_cv_header_strings_h=yes
ac_cv_header_sys_stat_h=yes
ac_cv_header_sys_types_h=yes
ac_cv_header_unistd_h=yes
ac_cv_host=x86_64-unknown-linux-gnu
ac_cv_objext=o
ac_cv_path_EGREP='/bin/grep -E'
ac_cv_path_FGREP='/bin/grep -F'
ac_cv_path_GREP=/bin/grep
ac_cv_path_SED=/bin/sed
ac_cv_prog_AWK=nawk
ac_cv_prog_CPP='cc -E'
ac_cv_prog_ac_ct_AR=ar
ac_cv_prog_ac_ct_CC=cc
ac_cv_prog_ac_ct_MANIFEST_TOOL=mt
ac_cv_prog_ac_ct_OBJDUMP=objdump
ac_cv_prog_ac_ct_RANLIB=ranlib
ac_cv_prog_ac_ct_STRIP=strip
ac_cv_prog_cc_c89=
ac_cv_prog_cc_cc_c_o=yes
ac_cv_prog_cc_g=yes
ac_cv_target=x86_64-unknown-linux-gnu
lt_cv_ar_at_file=@
lt_cv_archive_cmds_need_lc=no
lt_cv_deplibs_check_method=pass_all
lt_cv_file_magic_cmd='$MAGIC_CMD'
lt_cv_file_magic_test_file=
lt_cv_ld_reload_flag=-r
lt_cv_nm_interface='BSD nm'
lt_cv_objdir=.libs
lt_cv_path_LD=/usr/bin/ld
lt_cv_path_NM='/usr/bin/nm -B'
lt_cv_path_mainfest_tool=no
lt_cv_prog_compiler_c_o=yes
lt_cv_prog_compiler_pic='-fPIC -DPIC'
lt_cv_prog_compiler_pic_works=yes
lt_cv_prog_compiler_rtti_exceptions=no
lt_cv_prog_compiler_static_works=yes
lt_cv_prog_gnu_ld=yes
lt_cv_sharedlib_from_linklib_cmd='printf %s\n'
lt_cv_shlibpath_overrides_runpath=no
lt_cv_sys_global_symbol_pipe='sed -n -e '\''s/^.*[	 ]\([ABCDGIRSTW][ABCDGIRSTW]*\)[	 ][	 ]*\([_A-Za-z][_A-Za-z0-9]*\)$/\1 \2 \2/p'\'' | sed '\''/ __gnu_lto/d'\'''
lt_cv_sys_global_symbol_to_c_name_address='sed -n -e '\''s/^: \([^ ]*\)[ ]*$/  {\"\1\", (void *) 0},/p'\'' -e '\''s/^[ABCDGIRSTW]* \([^ ]*\) \([^ ]*\)$/  {"\2", (void *) \&\2},/p'\'''
lt_cv_sys_global_symbol_to_c_name_address_lib_prefix='sed -n -e '\''s/^: \([^ ]*\)[ ]*$/  {\"\1\", (void *) 0},/p'\'' -e '\''s/^[ABCDGIRSTW]* \([^ ]*\) \(lib[^ ]*\)$/  {"\2", (void *) \&\2},/p'\'' -e '\''s/^[ABCDGIRSTW]* \([^ ]*\) \([^ ]*\)$/  {"lib\2", (void *) \&\2},/p'\'''
lt_cv_sys_global_symbol_to_cdecl='sed -n -e '\''s/^T .* \(.*\)$/extern int \1();/p'\'' -e '\''s/^[ABCDGIRSTW]* .* \(.*\)$/extern char \1;/p'\'''
lt_cv_sys_max_cmd_len=1572864
lt_cv_to_host_file_cmd=func_convert_file_noop
lt_cv_to_tool_file_cmd=func_convert_file_noop
php_cv_cc_dashr=no
php_cv_cc_rpath=yes

## ----------------- ##
## Output variables. ##
## ----------------- ##

AR='ar'
AWK='nawk'
CC='cc'
CFLAGS='-g -O2'
CONFIGURE_COMMAND=' '\''./configure'\''  '\''--with-php-config=/usr/bin/php-config'\'''
CONFIGURE_OPTIONS=' '\''--with-php-config=/usr/bin/php-config'\'''
CPP='cc -E'
CPPFLAGS=' -DHAVE_CONFIG_H'
DEFS='-DHAVE_CONFIG_H'
DLLTOOL='false'
DSYMUTIL=''
DUMPBIN=''
ECHO_C=''
ECHO_N='-n'
ECHO_T=''
EGREP='/bin/grep -E'
EXEEXT=''
FGREP='/bin/grep -F'
GREP='/bin/grep'
LD='/usr/bin/ld -m elf_x86_64'
LDFLAGS=''
LIBOBJS=''
LIBS=''
LIBTOOL='$(SHELL) $(top_builddir)/libtool'
LIPO=''
LN_S='ln -s'
LTLIBOBJS=''
MANIFEST_TOOL=':'
NM='/usr/bin/nm -B'
NMEDIT=''
OBJDUMP='objdump'
OBJEXT='o'
OTOOL64=''
OTOOL=''
PACKAGE_BUGREPORT=''
PACKAGE_NAME=''
PACKAGE_STRING=''
PACKAGE_TARNAME=''
PACKAGE_URL=''
PACKAGE_VERSION=''
PATH_SEPARATOR=':'
RANLIB='ranlib'
RE2C='exit 0;'
SED='/bin/sed'
SHELL='/bin/bash'
SHLIB_DL_SUFFIX_NAME='so'
SHLIB_SUFFIX_NAME='so'
STRIP='strip'
ac_ct_AR='ar'
ac_ct_CC='cc'
ac_ct_DUMPBIN=''
bindir='${exec_prefix}/bin'
build='x86_64-unknown-linux-gnu'
build_alias=''
build_cpu='x86_64'
build_os='linux-gnu'
build_vendor='unknown'
datadir='${datarootdir}'
datarootdir='${prefix}/share'
docdir='${datarootdir}/doc/${PACKAGE}'
dvidir='${docdir}'
exec_prefix='$(prefix)'
host='x86_64-unknown-linux-gnu'
host_alias='x86_64-unknown-linux-gnu'
host_cpu='x86_64'
host_os='linux-gnu'
host_vendor='unknown'
htmldir='${docdir}'
includedir='${prefix}/include'
infodir='${datarootdir}/info'
libdir='${exec_prefix}/lib'
libexecdir='${exec_prefix}/libexec'
localedir='${datarootdir}/locale'
localstatedir='${prefix}/var'
mandir='${datarootdir}/man'
oldincludedir='/usr/include'
pdfdir='${docdir}'
prefix='/usr'
program_transform_name='s,x,x,'
psdir='${docdir}'
sbindir='${exec_prefix}/sbin'
sharedstatedir='${prefix}/com'
sysconfdir='${prefix}/etc'
target='x86_64-unknown-linux-gnu'
target_alias=''
target_cpu='x86_64'
target_os='linux-gnu'
target_vendor='unknown'

## ----------- ##
## confdefs.h. ##
## ----------- ##

/* confdefs.h */
#define PACKAGE_NAME ""
#define PACKAGE_TARNAME ""
#define PACKAGE_VERSION ""
#define PACKAGE_STRING ""
#define PACKAGE_BUGREPORT ""
#define PACKAGE_URL ""
#define COMPILE_DL_FLIGHT 1
#define STDC_HEADERS 1
#define HAVE_SYS_TYPES_H 1
#define HAVE_SYS_STAT_H 1
#define HAVE_STDLIB_H 1
#define HAVE_STRING_H 1
#define HAVE_MEMORY_H 1
#define HAVE_STRINGS_H 1
#define HAVE_INTTYPES_H 1
#define HAVE_STDINT_H 1
#define HAVE_UNISTD_H 1
#define HAVE_DLFCN_H 1
#define LT_OBJDIR ".libs/"

configure: exit 0
